<?xml version="1.0" encoding="UTF-8"?>
<!-- Generated by org.testng.reporters.JUnitReportReporter -->
<testsuite skipped="0" hostname="MohamedF" name="testNGdemo.TestNgDemo2" tests="1" failures="0" timestamp="24 Jun 2019 20:56:20 GMT" time="6.347" errors="0">
  <testcase name="testexcution2" time="6.347" classname="testNGdemo.TestNgDemo2"/>
</testsuite> <!-- testNGdemo.TestNgDemo2 -->
