<?xml version="1.0" encoding="UTF-8"?>
<!-- Generated by org.testng.reporters.JUnitReportReporter -->
<testsuite skipped="0" hostname="MohamedF" name="testNGdemo.TestNgDemo" tests="1" failures="0" timestamp="24 Jun 2019 20:56:20 GMT" time="6.406" errors="0">
  <testcase name="testexcution" time="6.406" classname="testNGdemo.TestNgDemo"/>
</testsuite> <!-- testNGdemo.TestNgDemo -->
