<?xml version="1.0" encoding="UTF-8"?>
<!-- Generated by org.testng.reporters.JUnitReportReporter -->
<testsuite skipped="0" hostname="MohamedF" name="testNGdemo.ExtendedRepoTNG" tests="1" failures="0" timestamp="23 Jun 2019 19:11:28 GMT" time="4.565" errors="0">
  <testcase name="test1" time="4.565" classname="testNGdemo.ExtendedRepoTNG"/>
</testsuite> <!-- testNGdemo.ExtendedRepoTNG -->
